TN:
SF:src\Applications\security\PasswordHash.js
FN:2,(anonymous_0)
FN:5,(anonymous_1)
FNF:2
FNH:2
FNDA:1,(anonymous_0)
FNDA:1,(anonymous_1)
DA:3,1
DA:6,1
DA:10,6
LF:3
LH:3
BRF:0
BRH:0
end_of_record
TN:
SF:src\Applications\tokenize\AuthenticationTokenManager.js
FN:2,(anonymous_0)
FN:5,(anonymous_1)
FN:8,(anonymous_2)
FNF:3
FNH:3
FNDA:1,(anonymous_0)
FNDA:1,(anonymous_1)
FNDA:1,(anonymous_2)
DA:3,1
DA:6,1
DA:9,1
DA:13,5
LF:4
LH:4
BRF:0
BRH:0
end_of_record
TN:
SF:src\Applications\use_case\AddUserUseCase.js
FN:4,(anonymous_0)
FN:9,(anonymous_1)
FNF:2
FNH:2
FNDA:3,(anonymous_0)
FNDA:9,(anonymous_1)
DA:1,4
DA:5,3
DA:6,3
DA:10,9
DA:11,5
DA:12,4
DA:13,4
DA:17,4
LF:8
LH:8
BRF:0
BRH:0
end_of_record
TN:
SF:src\Applications\use_case\AuthenticationUseCase.js
FN:5,(anonymous_0)
FN:19,(anonymous_1)
FNF:2
FNH:2
FNDA:2,(anonymous_0)
FNDA:4,(anonymous_1)
DA:1,4
DA:2,4
DA:11,2
DA:12,2
DA:13,2
DA:14,2
DA:16,2
DA:20,4
DA:21,4
DA:22,3
DA:23,2
DA:24,2
DA:25,2
DA:27,2
DA:34,4
LF:15
LH:15
BRF:0
BRH:0
end_of_record
TN:
SF:src\Commons\config.js
FNF:0
FNH:0
DA:1,5
DA:2,5
DA:4,5
DA:5,5
DA:9,0
DA:12,5
DA:27,5
LF:7
LH:6
BRDA:4,0,0,5
BRDA:4,0,1,0
BRDA:14,1,0,5
BRDA:14,1,1,0
BRDA:16,2,0,0
BRDA:16,2,1,5
BRF:6
BRH:3
end_of_record
TN:
SF:src\Commons\Exeptions\AuthenticationError.js
FN:4,(anonymous_0)
FNF:1
FNH:1
FNDA:5,(anonymous_0)
DA:1,4
DA:5,5
DA:7,5
DA:11,4
LF:4
LH:4
BRF:0
BRH:0
end_of_record
TN:
SF:src\Commons\Exeptions\ClientError.js
FN:2,(anonymous_0)
FNF:1
FNH:1
FNDA:53,(anonymous_0)
DA:3,53
DA:5,53
DA:6,1
DA:9,52
DA:10,52
DA:14,10
LF:6
LH:6
BRDA:2,0,0,47
BRDA:5,1,0,1
BRDA:5,1,1,52
BRF:3
BRH:3
end_of_record
TN:
SF:src\Commons\Exeptions\DomainErrorTranslator.js
FN:4,(anonymous_0)
FNF:1
FNH:1
FNDA:17,(anonymous_0)
DA:1,4
DA:3,4
DA:5,17
DA:9,4
DA:20,4
LF:5
LH:5
BRDA:5,0,0,17
BRDA:5,0,1,5
BRF:2
BRH:2
end_of_record
TN:
SF:src\Commons\Exeptions\InvariantError.js
FN:4,(anonymous_0)
FNF:1
FNH:1
FNDA:46,(anonymous_0)
DA:1,6
DA:5,46
DA:7,46
DA:11,6
LF:4
LH:4
BRF:0
BRH:0
end_of_record
TN:
SF:src\Commons\Exeptions\NotFoundError.js
FN:4,(anonymous_0)
FNF:1
FNH:1
FNDA:1,(anonymous_0)
DA:1,1
DA:5,1
DA:7,1
DA:11,1
LF:4
LH:4
BRF:0
BRH:0
end_of_record
TN:
SF:src\Domains\authentications\AuthenticationRepository.js
FN:2,(anonymous_0)
FNF:1
FNH:1
FNDA:1,(anonymous_0)
DA:3,1
DA:7,5
LF:2
LH:2
BRF:0
BRH:0
end_of_record
TN:
SF:src\Domains\authentications\entities\NewAuth.js
FN:2,(anonymous_0)
FN:11,(anonymous_1)
FNF:2
FNH:2
FNDA:6,(anonymous_0)
FNDA:6,(anonymous_1)
DA:3,6
DA:5,4
DA:7,4
DA:8,4
DA:12,6
DA:13,1
DA:15,5
DA:16,1
DA:21,5
LF:9
LH:9
BRDA:12,0,0,1
BRDA:12,0,1,5
BRDA:12,1,0,6
BRDA:12,1,1,6
BRDA:15,2,0,1
BRDA:15,2,1,4
BRDA:15,3,0,5
BRDA:15,3,1,4
BRF:8
BRH:8
end_of_record
TN:
SF:src\Domains\users\UserRepository.js
FN:2,(anonymous_0)
FN:6,(anonymous_1)
FN:10,(anonymous_2)
FNF:3
FNH:3
FNDA:1,(anonymous_0)
FNDA:1,(anonymous_1)
FNDA:1,(anonymous_2)
DA:3,1
DA:7,1
DA:11,1
DA:15,6
LF:4
LH:4
BRF:0
BRH:0
end_of_record
TN:
SF:src\Domains\users\entities\LoginCredential.js
FN:2,(anonymous_0)
FN:11,(anonymous_1)
FNF:2
FNH:2
FNDA:8,(anonymous_0)
FNDA:8,(anonymous_1)
DA:3,8
DA:5,4
DA:7,4
DA:8,4
DA:12,8
DA:13,1
DA:15,7
DA:16,1
DA:18,6
DA:19,1
DA:21,5
DA:22,1
DA:27,4
LF:13
LH:13
BRDA:12,0,0,1
BRDA:12,0,1,7
BRDA:12,1,0,8
BRDA:12,1,1,8
BRDA:15,2,0,1
BRDA:15,2,1,6
BRDA:15,3,0,7
BRDA:15,3,1,7
BRDA:18,4,0,1
BRDA:18,4,1,5
BRDA:21,5,0,1
BRDA:21,5,1,4
BRF:12
BRH:12
end_of_record
TN:
SF:src\Domains\users\entities\RegisterUser.js
FN:2,(anonymous_0)
FN:12,(anonymous_1)
FNF:2
FNH:2
FNDA:17,(anonymous_0)
FNDA:17,(anonymous_1)
DA:3,17
DA:5,9
DA:7,9
DA:8,9
DA:9,9
DA:13,17
DA:14,2
DA:17,15
DA:18,2
DA:21,13
DA:22,2
DA:25,11
DA:26,2
DA:31,6
LF:14
LH:14
BRDA:13,0,0,2
BRDA:13,0,1,15
BRDA:13,1,0,17
BRDA:13,1,1,16
BRDA:13,1,2,16
BRDA:17,2,0,2
BRDA:17,2,1,13
BRDA:17,3,0,15
BRDA:17,3,1,15
BRDA:17,3,2,14
BRDA:21,4,0,2
BRDA:21,4,1,11
BRDA:25,5,0,2
BRDA:25,5,1,9
BRF:14
BRH:14
end_of_record
TN:
SF:src\Domains\users\entities\RegisteredUser.js
FN:2,(anonymous_0)
FN:12,(anonymous_1)
FNF:2
FNH:2
FNDA:11,(anonymous_0)
FNDA:11,(anonymous_1)
DA:3,11
DA:5,9
DA:7,9
DA:8,9
DA:9,9
DA:13,11
DA:14,1
DA:17,10
DA:18,1
DA:23,5
LF:10
LH:10
BRDA:13,0,0,1
BRDA:13,0,1,10
BRDA:13,1,0,11
BRDA:13,1,1,10
BRDA:13,1,2,10
BRDA:17,2,0,1
BRDA:17,2,1,9
BRDA:17,3,0,10
BRDA:17,3,1,9
BRDA:17,3,2,9
BRF:10
BRH:10
end_of_record
TN:
SF:src\Domains\users\entities\UserCredential.js
FN:2,(anonymous_0)
FN:11,(anonymous_1)
FNF:2
FNH:2
FNDA:7,(anonymous_0)
FNDA:7,(anonymous_1)
DA:3,7
DA:5,5
DA:7,5
DA:8,5
DA:9,5
DA:12,7
DA:13,1
DA:15,6
DA:16,1
DA:21,5
LF:10
LH:10
BRDA:12,0,0,1
BRDA:12,0,1,6
BRDA:12,1,0,7
BRDA:12,1,1,7
BRDA:12,1,2,7
BRDA:15,2,0,1
BRDA:15,2,1,5
BRDA:15,3,0,6
BRDA:15,3,1,6
BRDA:15,3,2,6
BRF:10
BRH:10
end_of_record
TN:
SF:src\Infrastructures\http\createServer.js
FN:8,(anonymous_0)
FN:26,(anonymous_1)
FNF:2
FNH:2
FNDA:11,(anonymous_0)
FNDA:13,(anonymous_1)
DA:1,3
DA:2,3
DA:3,3
DA:4,3
DA:5,3
DA:6,3
DA:8,3
DA:9,11
DA:15,11
DA:26,11
DA:28,13
DA:29,13
DA:31,9
DA:34,9
DA:35,7
DA:39,7
DA:40,7
DA:44,2
DA:45,1
DA:49,1
DA:53,1
DA:54,1
DA:55,1
DA:59,4
DA:62,11
DA:65,3
LF:26
LH:26
BRDA:29,0,0,9
BRDA:29,0,1,4
BRDA:34,1,0,7
BRDA:34,1,1,2
BRDA:44,2,0,1
BRDA:44,2,1,1
BRF:6
BRH:6
end_of_record
TN:
SF:src\Infrastructures\repository\AuthenticationRepositoryPostgres.js
FN:4,(anonymous_0)
FN:9,(anonymous_1)
FNF:2
FNH:2
FNDA:2,(anonymous_0)
FNDA:2,(anonymous_1)
DA:1,3
DA:5,2
DA:6,2
DA:10,2
DA:15,2
DA:19,3
LF:6
LH:6
BRF:0
BRH:0
end_of_record
TN:
SF:src\Infrastructures\repository\UserRepositoryPostgres.js
FN:7,(anonymous_0)
FN:13,(anonymous_1)
FN:26,(anonymous_2)
FN:40,(anonymous_3)
FNF:4
FNH:4
FNDA:8,(anonymous_0)
FNDA:6,(anonymous_1)
FNDA:5,(anonymous_2)
FNDA:5,(anonymous_3)
DA:1,3
DA:2,3
DA:3,3
DA:4,3
DA:8,8
DA:9,8
DA:10,8
DA:14,6
DA:19,6
DA:21,6
DA:22,2
DA:27,5
DA:28,5
DA:30,5
DA:35,5
DA:37,5
DA:41,5
DA:46,5
DA:48,5
DA:49,2
DA:52,3
DA:58,3
DA:62,3
LF:23
LH:23
BRDA:21,0,0,2
BRDA:21,0,1,4
BRDA:48,1,0,2
BRDA:48,1,1,3
BRF:4
BRH:4
end_of_record
TN:
SF:src\Infrastructures\security\BcryptPasswordHash.js
FN:5,(anonymous_0)
FN:11,(anonymous_1)
FN:15,(anonymous_2)
FNF:3
FNH:3
FNDA:5,(anonymous_0)
FNDA:4,(anonymous_1)
FNDA:4,(anonymous_2)
DA:1,3
DA:2,3
DA:6,5
DA:7,5
DA:8,5
DA:12,4
DA:16,4
DA:18,4
DA:19,2
DA:24,3
LF:10
LH:10
BRDA:5,0,0,5
BRDA:18,1,0,2
BRDA:18,1,1,2
BRF:3
BRH:3
end_of_record
TN:
SF:src\Infrastructures\tokenize\JwtTokenManagerHapi.js
FN:4,(anonymous_0)
FN:9,(anonymous_1)
FN:13,(anonymous_2)
FNF:3
FNH:3
FNDA:3,(anonymous_0)
FNDA:2,(anonymous_1)
FNDA:2,(anonymous_2)
DA:1,3
DA:5,3
DA:6,3
DA:10,2
DA:14,2
DA:18,3
LF:6
LH:6
BRF:0
BRH:0
end_of_record
TN:
SF:src\Interfaces\http\api\authentications\handler.js
FN:4,(anonymous_0)
FN:9,(anonymous_1)
FNF:2
FNH:2
FNDA:11,(anonymous_0)
FNDA:3,(anonymous_1)
DA:1,3
DA:5,11
DA:6,11
DA:10,3
DA:11,3
DA:13,1
DA:20,1
DA:21,1
DA:25,3
LF:9
LH:9
BRF:0
BRH:0
end_of_record
TN:
SF:src\Interfaces\http\api\authentications\index.js
FN:6,(anonymous_0)
FNF:1
FNH:1
FNDA:11,(anonymous_0)
DA:1,3
DA:2,3
DA:4,3
DA:7,11
DA:8,11
LF:5
LH:5
BRF:0
BRH:0
end_of_record
TN:
SF:src\Interfaces\http\api\authentications\routes.js
FN:1,(anonymous_0)
FNF:1
FNH:1
FNDA:11,(anonymous_0)
DA:1,11
DA:9,3
LF:2
LH:2
BRF:0
BRH:0
end_of_record
TN:
SF:src\Interfaces\http\api\users\handler.js
FN:6,(anonymous_0)
FN:12,(anonymous_1)
FNF:2
FNH:2
FNDA:11,(anonymous_0)
FNDA:9,(anonymous_1)
DA:1,3
DA:2,3
DA:3,3
DA:7,11
DA:9,11
DA:13,9
DA:14,8
DA:16,3
DA:22,3
DA:23,3
DA:27,3
LF:11
LH:11
BRF:0
BRH:0
end_of_record
TN:
SF:src\Interfaces\http\api\users\index.js
FN:6,(anonymous_0)
FNF:1
FNH:1
FNDA:11,(anonymous_0)
DA:1,3
DA:2,3
DA:4,3
DA:7,11
DA:8,11
LF:5
LH:5
BRF:0
BRH:0
end_of_record
TN:
SF:src\Interfaces\http\api\users\routes.js
FN:1,(anonymous_0)
FNF:1
FNH:1
FNDA:11,(anonymous_0)
DA:1,11
DA:9,3
LF:2
LH:2
BRF:0
BRH:0
end_of_record
